<?xml version="1.0" encoding="UTF-8"?>
<!-- Generated by org.testng.reporters.JUnitReportReporter -->
<testsuite skipped="0" hostname="LTIN424250" name="api.test.UserTests2" tests="4" failures="0" timestamp="2024-07-31T21:18:04 IST" time="11.313" errors="0">
  <testcase name="testPostUser" time="3.994" classname="api.test.UserTests2"/>
  <system-out/>
  <testcase name="testGetUser" time="1.660" classname="api.test.UserTests2"/>
  <system-out/>
  <testcase name="testUpdateUser" time="4.424" classname="api.test.UserTests2"/>
  <system-out/>
  <testcase name="testDeleteUser" time="1.235" classname="api.test.UserTests2"/>
  <system-out/>
</testsuite> <!-- api.test.UserTests2 -->
